<?xml version="1.0" encoding="UTF-8"?>
<!-- Generated by org.testng.reporters.JUnitReportReporter -->
<testsuite skipped="0" hostname="DHARSHINI" name="ts_01.Bookshelf_search_without_Storagetype" tests="1" failures="0" timestamp="28 Jun 2020 11:42:55 GMT" time="20.275" errors="0">
  <testcase name="bookshelf_search_without_Storagetype" time="20.275" classname="ts_01.Bookshelf_search_without_Storagetype"/>
</testsuite> <!-- ts_01.Bookshelf_search_without_Storagetype -->
