<?xml version="1.0" encoding="UTF-8"?>
<!-- Generated by org.testng.reporters.JUnitXMLReporter -->
<testsuite hostname="DHARSHINI" ignored="0" name="Test-Firefox" tests="1" failures="0" timestamp="28 Jun 2020 11:42:54 GMT" time="34.613" errors="0">
  <testcase name="bookshelf_search_without_Storagetype" time="20.163" classname="ts_01.Bookshelf_search_without_Storagetype"/>
</testsuite> <!-- Test-Firefox -->
