<?xml version="1.0" encoding="UTF-8"?>
<!-- Generated by org.testng.reporters.JUnitXMLReporter -->
<testsuite hostname="DHARSHINI" ignored="4" name="Test-Chrome" tests="3" failures="3" timestamp="24 Jun 2020 17:58:08 GMT" time="31.899" errors="0">
  <testcase name="valid_main_and_submenu" time="0.908" classname="ts_02.Collections_with_Being_at_Home">
    <failure type="java.lang.RuntimeException" message="java.lang.reflect.InvocationTargetException">
      <![CDATA[java.lang.RuntimeException: java.lang.reflect.InvocationTargetException
at org.openqa.selenium.support.PageFactory.instantiatePage(PageFactory.java:138)
at org.openqa.selenium.support.PageFactory.initElements(PageFactory.java:64)
at ts_02.Collections_with_Being_at_Home.valid_main_and_submenu(Collections_with_Being_at_Home.java:64)
at org.openqa.selenium.support.PageFactory.instantiatePage(PageFactory.java:129)
... 27 more
Caused by: java.lang.NullPointerException
at utils.Excelutils.readExcelData(Excelutils.java:57)
at pageobjects.Display_Collections.<init>(Display_Collections.java:32)
... 32 more
... Removed 30 stack frames]]>
    </failure>
  </testcase> <!-- valid_main_and_submenu -->
  <testcase name="invalid_main_menu" time="0.056" classname="ts_02.Collections_with_invalid_main_menu">
    <failure type="java.lang.RuntimeException" message="java.lang.reflect.InvocationTargetException">
      <![CDATA[java.lang.RuntimeException: java.lang.reflect.InvocationTargetException
at org.openqa.selenium.support.PageFactory.instantiatePage(PageFactory.java:138)
at org.openqa.selenium.support.PageFactory.initElements(PageFactory.java:64)
at ts_02.Collections_with_invalid_main_menu.invalid_main_menu(Collections_with_invalid_main_menu.java:64)
at org.openqa.selenium.support.PageFactory.instantiatePage(PageFactory.java:129)
... 27 more
Caused by: java.lang.NullPointerException
at utils.Excelutils.readExcelData(Excelutils.java:57)
at pageobjects.Display_Collections.<init>(Display_Collections.java:32)
... 32 more
... Removed 30 stack frames]]>
    </failure>
  </testcase> <!-- invalid_main_menu -->
  <testcase name="valid_main_menu_and_invalid_submenu" time="0.045" classname="ts_02.Collections_with_invalid_sub_menu">
    <failure type="java.lang.RuntimeException" message="java.lang.reflect.InvocationTargetException">
      <![CDATA[java.lang.RuntimeException: java.lang.reflect.InvocationTargetException
at org.openqa.selenium.support.PageFactory.instantiatePage(PageFactory.java:138)
at org.openqa.selenium.support.PageFactory.initElements(PageFactory.java:64)
at ts_02.Collections_with_invalid_sub_menu.valid_main_menu_and_invalid_submenu(Collections_with_invalid_sub_menu.java:64)
at org.openqa.selenium.support.PageFactory.instantiatePage(PageFactory.java:129)
... 27 more
Caused by: java.lang.NullPointerException
at utils.Excelutils.readExcelData(Excelutils.java:57)
at pageobjects.Display_Collections.<init>(Display_Collections.java:32)
... 32 more
... Removed 30 stack frames]]>
    </failure>
  </testcase> <!-- valid_main_menu_and_invalid_submenu -->
  <testcase name="@BeforeSuite reportSetUp" time="0.0" classname="utils.ExtentReport">
    <ignored/>
  </testcase> <!-- @BeforeSuite reportSetUp -->
  <testcase name="@BeforeSuite reportSetUp" time="0.0" classname="utils.ExtentReport">
    <ignored/>
  </testcase> <!-- @BeforeSuite reportSetUp -->
  <testcase name="@AfterSuite flushReport" time="0.0" classname="utils.ExtentReport">
    <ignored/>
  </testcase> <!-- @AfterSuite flushReport -->
  <testcase name="@AfterSuite flushReport" time="0.0" classname="utils.ExtentReport">
    <ignored/>
  </testcase> <!-- @AfterSuite flushReport -->
</testsuite> <!-- Test-Chrome -->
